107 1 CreationTimestamp 1407250258
101 Customer.<none> * *
103 Customer.<none> PriorityFactor 1000.000000
101 Accountant. * *
103 Accountant. LastUpdateTime 1407250258
105 
103 Customer.<none> Priority 0.000000
103 Customer.<none> AccumulatedUsage 0.000000
103 Customer.<none> WeightedAccumulatedUsage 0.000000
103 Customer.<none> UnchargedTime 0
103 Customer.<none> WeightedUnchargedTime 0.000000
106 
103 Accountant. LastUpdateTime 1407250318
105 
103 Customer.<none> Priority 0.499759
103 Customer.<none> AccumulatedUsage 0.000000
103 Customer.<none> WeightedAccumulatedUsage 0.000000
103 Customer.<none> UnchargedTime 0
103 Customer.<none> WeightedUnchargedTime 0.000000
106 
103 Customer.<none> Priority 0.500000
103 Accountant. LastUpdateTime 1407250331
105 
103 Customer.<none> Priority 0.499948
103 Customer.<none> AccumulatedUsage 0.000000
103 Customer.<none> WeightedAccumulatedUsage 0.000000
103 Customer.<none> UnchargedTime 0
103 Customer.<none> WeightedUnchargedTime 0.000000
106 
103 Accountant. LastUpdateTime 1407250338
105 
103 Customer.<none> Priority 0.499972
103 Customer.<none> AccumulatedUsage 0.000000
103 Customer.<none> WeightedAccumulatedUsage 0.000000
103 Customer.<none> UnchargedTime 0
103 Customer.<none> WeightedUnchargedTime 0.000000
106 
103 Accountant. LastUpdateTime 1407250398
105 
103 Customer.<none> Priority 0.499759
103 Customer.<none> AccumulatedUsage 0.000000
103 Customer.<none> WeightedAccumulatedUsage 0.000000
103 Customer.<none> UnchargedTime 0
103 Customer.<none> WeightedUnchargedTime 0.000000
106 
103 Accountant. LastUpdateTime 1407250459
105 
103 Customer.<none> Priority 0.499755
103 Customer.<none> AccumulatedUsage 0.000000
103 Customer.<none> WeightedAccumulatedUsage 0.000000
103 Customer.<none> UnchargedTime 0
103 Customer.<none> WeightedUnchargedTime 0.000000
106 
103 Accountant. LastUpdateTime 1407250519
105 
103 Customer.<none> Priority 0.499759
103 Customer.<none> AccumulatedUsage 0.000000
103 Customer.<none> WeightedAccumulatedUsage 0.000000
103 Customer.<none> UnchargedTime 0
103 Customer.<none> WeightedUnchargedTime 0.000000
106 
103 Accountant. LastUpdateTime 1407250579
105 
103 Customer.<none> Priority 0.499759
103 Customer.<none> AccumulatedUsage 0.000000
103 Customer.<none> WeightedAccumulatedUsage 0.000000
103 Customer.<none> UnchargedTime 0
103 Customer.<none> WeightedUnchargedTime 0.000000
106 
103 Accountant. LastUpdateTime 1407250638
105 
103 Customer.<none> Priority 0.499763
103 Customer.<none> AccumulatedUsage 0.000000
103 Customer.<none> WeightedAccumulatedUsage 0.000000
103 Customer.<none> UnchargedTime 0
103 Customer.<none> WeightedUnchargedTime 0.000000
106 
103 Accountant. LastUpdateTime 1407250698
105 
103 Customer.<none> Priority 0.499759
103 Customer.<none> AccumulatedUsage 0.000000
103 Customer.<none> WeightedAccumulatedUsage 0.000000
103 Customer.<none> UnchargedTime 0
103 Customer.<none> WeightedUnchargedTime 0.000000
106 
103 Accountant. LastUpdateTime 1407250758
105 
103 Customer.<none> Priority 0.499759
103 Customer.<none> AccumulatedUsage 0.000000
103 Customer.<none> WeightedAccumulatedUsage 0.000000
103 Customer.<none> UnchargedTime 0
103 Customer.<none> WeightedUnchargedTime 0.000000
106 
103 Accountant. LastUpdateTime 1407250818
105 
103 Customer.<none> Priority 0.499759
103 Customer.<none> AccumulatedUsage 0.000000
103 Customer.<none> WeightedAccumulatedUsage 0.000000
103 Customer.<none> UnchargedTime 0
103 Customer.<none> WeightedUnchargedTime 0.000000
106 
103 Accountant. LastUpdateTime 1407250878
105 
103 Customer.<none> Priority 0.499759
103 Customer.<none> AccumulatedUsage 0.000000
103 Customer.<none> WeightedAccumulatedUsage 0.000000
103 Customer.<none> UnchargedTime 0
103 Customer.<none> WeightedUnchargedTime 0.000000
106 
103 Accountant. LastUpdateTime 1407250938
105 
103 Customer.<none> Priority 0.499759
103 Customer.<none> AccumulatedUsage 0.000000
103 Customer.<none> WeightedAccumulatedUsage 0.000000
103 Customer.<none> UnchargedTime 0
103 Customer.<none> WeightedUnchargedTime 0.000000
106 
103 Accountant. LastUpdateTime 1407250958
105 
103 Customer.<none> Priority 0.499920
103 Customer.<none> AccumulatedUsage 0.000000
103 Customer.<none> WeightedAccumulatedUsage 0.000000
103 Customer.<none> UnchargedTime 0
103 Customer.<none> WeightedUnchargedTime 0.000000
106 
103 Accountant. LastUpdateTime 1407251018
105 
103 Customer.<none> Priority 0.499759
103 Customer.<none> AccumulatedUsage 0.000000
103 Customer.<none> WeightedAccumulatedUsage 0.000000
103 Customer.<none> UnchargedTime 0
103 Customer.<none> WeightedUnchargedTime 0.000000
106 
103 Accountant. LastUpdateTime 1407251078
105 
103 Customer.<none> Priority 0.499759
103 Customer.<none> AccumulatedUsage 0.000000
103 Customer.<none> WeightedAccumulatedUsage 0.000000
103 Customer.<none> UnchargedTime 0
103 Customer.<none> WeightedUnchargedTime 0.000000
106 
103 Accountant. LastUpdateTime 1407251138
105 
103 Customer.<none> Priority 0.499759
103 Customer.<none> AccumulatedUsage 0.000000
103 Customer.<none> WeightedAccumulatedUsage 0.000000
103 Customer.<none> UnchargedTime 0
103 Customer.<none> WeightedUnchargedTime 0.000000
106 
